<?xml version="1.0" encoding="UTF-8"?>
<testsuite name="OrderTest" tests="4" skipped="0" failures="0" errors="0" timestamp="2020-05-12T15:16:28" hostname="LAPTOP-C5NO8IF3" time="0.016">
  <properties/>
  <testcase name="copyOrderWithFunction" classname="OrderTest" time="0.015"/>
  <testcase name="copyOrderWithNoPositions" classname="OrderTest" time="0.001"/>
  <testcase name="testEquals_1" classname="OrderTest" time="0.0"/>
  <testcase name="testEquals_2" classname="OrderTest" time="0.0"/>
  <system-out><![CDATA[]]></system-out>
  <system-err><![CDATA[]]></system-err>
</testsuite>
