<?xml version="1.0" encoding="UTF-8"?>
<testsuite name="OrderTest" tests="5" skipped="0" failures="0" errors="0" timestamp="2020-02-07T09:10:43" hostname="LAPTOP-V22U9M94" time="0.009">
  <properties/>
  <testcase name="copyOrderWithPositions" classname="OrderTest" time="0.003"/>
  <testcase name="copyOrderWithFunction" classname="OrderTest" time="0.005"/>
  <testcase name="copyOrderWithNoPositions" classname="OrderTest" time="0.0"/>
  <testcase name="testEquals_1" classname="OrderTest" time="0.0"/>
  <testcase name="testEquals_2" classname="OrderTest" time="0.0"/>
  <system-out><![CDATA[]]></system-out>
  <system-err><![CDATA[]]></system-err>
</testsuite>
